# JRE version: OpenJDK Runtime Environment Temurin-17.0.4.1+1 (17.0.4.1+1) (build 17.0.4.1+1)
# Java VM: OpenJDK 64-Bit Server VM Temurin-17.0.4.1+1 (17.0.4.1+1, mixed mode, tiered, compressed oops, compressed class ptrs, parallel gc, linux-amd64)
GC Precious Log:
 CPUs: 1 total, 1 available
 Memory: 985M
 Large Page Support: Disabled
 NUMA Support: Disabled
 Compressed Oops: Enabled (32-bit)
 Alignments: Space 512K, Generation 512K, Heap 2M
 Heap Min Capacity: 100M
 Heap Initial Capacity: 100M
 Heap Max Capacity: 1G
 Pre-touch: Disabled
 Parallel Workers: 1
Heap:
 PSYoungGen      total 13824K, used 0K [0x00000000eab00000, 0x00000000ebb00000, 0x0000000100000000)
  eden space 11264K, 0% used [0x00000000eab00000,0x00000000eab00000,0x00000000eb600000)
  from space 2560K, 0% used [0x00000000eb600000,0x00000000eb600000,0x00000000eb880000)
  to   space 2560K, 0% used [0x00000000eb880000,0x00000000eb880000,0x00000000ebb00000)
 ParOldGen       total 147968K, used 144014K [0x00000000c0000000, 0x00000000c9080000, 0x00000000eab00000)
  object space 147968K, 97% used [0x00000000c0000000,0x00000000c8ca38e0,0x00000000c9080000)
 Metaspace       used 60433K, committed 61312K, reserved 1105920K
  class space    used 6369K, committed 6784K, reserved 1048576K
GC Heap History (20 events):
Event: 21.560 GC heap after
{Heap after GC invocations=76 (full 5):
 PSYoungGen      total 7680K, used 416K [0x00000000eab00000, 0x00000000eb580000, 0x0000000100000000)
  eden space 7168K, 0% used [0x00000000eab00000,0x00000000eab00000,0x00000000eb200000)
  from space 512K, 81% used [0x00000000eb200000,0x00000000eb268000,0x00000000eb280000)
  to   space 1536K, 0% used [0x00000000eb400000,0x00000000eb400000,0x00000000eb580000)
 ParOldGen       total 147968K, used 136243K [0x00000000c0000000, 0x00000000c9080000, 0x00000000eab00000)
  object space 147968K, 92% used [0x00000000c0000000,0x00000000c850cf58,0x00000000c9080000)
 Metaspace       used 60356K, committed 61184K, reserved 1105920K
  class space    used 6356K, committed 6720K, reserved 1048576K
}
Event: 21.577 GC heap before
{Heap before GC invocations=77 (full 5):
 PSYoungGen      total 7680K, used 7584K [0x00000000eab00000, 0x00000000eb580000, 0x0000000100000000)
  eden space 7168K, 100% used [0x00000000eab00000,0x00000000eb200000,0x00000000eb200000)
  from space 512K, 81% used [0x00000000eb200000,0x00000000eb268000,0x00000000eb280000)
  to   space 1536K, 0% used [0x00000000eb400000,0x00000000eb400000,0x00000000eb580000)
 ParOldGen       total 147968K, used 136243K [0x00000000c0000000, 0x00000000c9080000, 0x00000000eab00000)
  object space 147968K, 92% used [0x00000000c0000000,0x00000000c850cf58,0x00000000c9080000)
 Metaspace       used 60356K, committed 61184K, reserved 1105920K
  class space    used 6356K, committed 6720K, reserved 1048576K
}
Event: 21.580 GC heap after
{Heap after GC invocations=77 (full 5):
 PSYoungGen      total 9216K, used 1030K [0x00000000eab00000, 0x00000000eb600000, 0x0000000100000000)
  eden space 7680K, 0% used [0x00000000eab00000,0x00000000eab00000,0x00000000eb280000)
  from space 1536K, 67% used [0x00000000eb400000,0x00000000eb501aa0,0x00000000eb580000)
  to   space 1536K, 0% used [0x00000000eb280000,0x00000000eb280000,0x00000000eb400000)
 ParOldGen       total 147968K, used 136259K [0x00000000c0000000, 0x00000000c9080000, 0x00000000eab00000)
  object space 147968K, 92% used [0x00000000c0000000,0x00000000c8510f58,0x00000000c9080000)
 Metaspace       used 60356K, committed 61184K, reserved 1105920K
  class space    used 6356K, committed 6720K, reserved 1048576K
}
Event: 21.603 GC heap before
{Heap before GC invocations=78 (full 5):
 PSYoungGen      total 9216K, used 8710K [0x00000000eab00000, 0x00000000eb600000, 0x0000000100000000)
  eden space 7680K, 100% used [0x00000000eab00000,0x00000000eb280000,0x00000000eb280000)
  from space 1536K, 67% used [0x00000000eb400000,0x00000000eb501aa0,0x00000000eb580000)
  to   space 1536K, 0% used [0x00000000eb280000,0x00000000eb280000,0x00000000eb400000)
 ParOldGen       total 147968K, used 136259K [0x00000000c0000000, 0x00000000c9080000, 0x00000000eab00000)
  object space 147968K, 92% used [0x00000000c0000000,0x00000000c8510f58,0x00000000c9080000)
 Metaspace       used 60356K, committed 61184K, reserved 1105920K
  class space    used 6356K, committed 6720K, reserved 1048576K
}
Event: 21.606 GC heap after
{Heap after GC invocations=78 (full 5):
 PSYoungGen      total 9216K, used 940K [0x00000000eab00000, 0x00000000eb580000, 0x0000000100000000)
  eden space 7680K, 0% used [0x00000000eab00000,0x00000000eab00000,0x00000000eb280000)
  from space 1536K, 61% used [0x00000000eb280000,0x00000000eb36b0b0,0x00000000eb400000)
  to   space 1024K, 0% used [0x00000000eb480000,0x00000000eb480000,0x00000000eb580000)
 ParOldGen       total 147968K, used 137046K [0x00000000c0000000, 0x00000000c9080000, 0x00000000eab00000)
  object space 147968K, 92% used [0x00000000c0000000,0x00000000c85d5888,0x00000000c9080000)
 Metaspace       used 60356K, committed 61184K, reserved 1105920K
  class space    used 6356K, committed 6720K, reserved 1048576K
}
Event: 21.619 GC heap before
{Heap before GC invocations=79 (full 5):
 PSYoungGen      total 9216K, used 8620K [0x00000000eab00000, 0x00000000eb580000, 0x0000000100000000)
  eden space 7680K, 100% used [0x00000000eab00000,0x00000000eb280000,0x00000000eb280000)
  from space 1536K, 61% used [0x00000000eb280000,0x00000000eb36b0b0,0x00000000eb400000)
  to   space 1024K, 0% used [0x00000000eb480000,0x00000000eb480000,0x00000000eb580000)
 ParOldGen       total 147968K, used 137046K [0x00000000c0000000, 0x00000000c9080000, 0x00000000eab00000)
  object space 147968K, 92% used [0x00000000c0000000,0x00000000c85d5888,0x00000000c9080000)
 Metaspace       used 60357K, committed 61184K, reserved 1105920K
  class space    used 6356K, committed 6720K, reserved 1048576K
}
Event: 21.622 GC heap after
{Heap after GC invocations=79 (full 5):
 PSYoungGen      total 9728K, used 871K [0x00000000eab00000, 0x00000000eb580000, 0x0000000100000000)
  eden space 8704K, 0% used [0x00000000eab00000,0x00000000eab00000,0x00000000eb380000)
  from space 1024K, 85% used [0x00000000eb480000,0x00000000eb559c30,0x00000000eb580000)
  to   space 1024K, 0% used [0x00000000eb380000,0x00000000eb380000,0x00000000eb480000)
 ParOldGen       total 147968K, used 137917K [0x00000000c0000000, 0x00000000c9080000, 0x00000000eab00000)
  object space 147968K, 93% used [0x00000000c0000000,0x00000000c86af6f0,0x00000000c9080000)
 Metaspace       used 60357K, committed 61184K, reserved 1105920K
  class space    used 6356K, committed 6720K, reserved 1048576K
}
Event: 21.668 GC heap before
{Heap before GC invocations=80 (full 5):
 PSYoungGen      total 9728K, used 9575K [0x00000000eab00000, 0x00000000eb580000, 0x0000000100000000)
  eden space 8704K, 100% used [0x00000000eab00000,0x00000000eb380000,0x00000000eb380000)
  from space 1024K, 85% used [0x00000000eb480000,0x00000000eb559c30,0x00000000eb580000)
  to   space 1024K, 0% used [0x00000000eb380000,0x00000000eb380000,0x00000000eb480000)
 ParOldGen       total 147968K, used 137917K [0x00000000c0000000, 0x00000000c9080000, 0x00000000eab00000)
  object space 147968K, 93% used [0x00000000c0000000,0x00000000c86af6f0,0x00000000c9080000)
 Metaspace       used 60379K, committed 61184K, reserved 1105920K
  class space    used 6361K, committed 6720K, reserved 1048576K
}
Event: 21.672 GC heap after
{Heap after GC invocations=80 (full 5):
 PSYoungGen      total 9728K, used 1021K [0x00000000eab00000, 0x00000000ebb00000, 0x0000000100000000)
  eden space 8704K, 0% used [0x00000000eab00000,0x00000000eab00000,0x00000000eb380000)
  from space 1024K, 99% used [0x00000000eb380000,0x00000000eb47f7f0,0x00000000eb480000)
  to   space 3072K, 0% used [0x00000000eb800000,0x00000000eb800000,0x00000000ebb00000)
 ParOldGen       total 147968K, used 139336K [0x00000000c0000000, 0x00000000c9080000, 0x00000000eab00000)
  object space 147968K, 94% used [0x00000000c0000000,0x00000000c88122f8,0x00000000c9080000)
 Metaspace       used 60379K, committed 61184K, reserved 1105920K
  class space    used 6361K, committed 6720K, reserved 1048576K
}
Event: 21.706 GC heap before
{Heap before GC invocations=81 (full 5):
 PSYoungGen      total 9728K, used 9725K [0x00000000eab00000, 0x00000000ebb00000, 0x0000000100000000)
  eden space 8704K, 99% used [0x00000000eab00000,0x00000000eb37ffe0,0x00000000eb380000)
  from space 1024K, 99% used [0x00000000eb380000,0x00000000eb47f7f0,0x00000000eb480000)
  to   space 3072K, 0% used [0x00000000eb800000,0x00000000eb800000,0x00000000ebb00000)
 ParOldGen       total 147968K, used 139336K [0x00000000c0000000, 0x00000000c9080000, 0x00000000eab00000)
  object space 147968K, 94% used [0x00000000c0000000,0x00000000c88122f8,0x00000000c9080000)
 Metaspace       used 60379K, committed 61184K, reserved 1105920K
  class space    used 6361K, committed 6720K, reserved 1048576K
}
Event: 21.717 GC heap after
{Heap after GC invocations=81 (full 5):
 PSYoungGen      total 11776K, used 1239K [0x00000000eab00000, 0x00000000eb980000, 0x0000000100000000)
  eden space 10240K, 0% used [0x00000000eab00000,0x00000000eab00000,0x00000000eb500000)
  from space 1536K, 80% used [0x00000000eb800000,0x00000000eb935cf8,0x00000000eb980000)
  to   space 2048K, 0% used [0x00000000eb580000,0x00000000eb580000,0x00000000eb780000)
 ParOldGen       total 147968K, used 140353K [0x00000000c0000000, 0x00000000c9080000, 0x00000000eab00000)
  object space 147968K, 94% used [0x00000000c0000000,0x00000000c89107f0,0x00000000c9080000)
 Metaspace       used 60379K, committed 61184K, reserved 1105920K
  class space    used 6361K, committed 6720K, reserved 1048576K
}
Event: 21.746 GC heap before
{Heap before GC invocations=82 (full 5):
 PSYoungGen      total 11776K, used 11479K [0x00000000eab00000, 0x00000000eb980000, 0x0000000100000000)
  eden space 10240K, 100% used [0x00000000eab00000,0x00000000eb500000,0x00000000eb500000)
  from space 1536K, 80% used [0x00000000eb800000,0x00000000eb935cf8,0x00000000eb980000)
  to   space 2048K, 0% used [0x00000000eb580000,0x00000000eb580000,0x00000000eb780000)
 ParOldGen       total 147968K, used 140353K [0x00000000c0000000, 0x00000000c9080000, 0x00000000eab00000)
  object space 147968K, 94% used [0x00000000c0000000,0x00000000c89107f0,0x00000000c9080000)
 Metaspace       used 60379K, committed 61184K, reserved 1105920K
  class space    used 6361K, committed 6720K, reserved 1048576K
}
Event: 21.760 GC heap after
{Heap after GC invocations=82 (full 5):
 PSYoungGen      total 12800K, used 1184K [0x00000000eab00000, 0x00000000eb980000, 0x0000000100000000)
  eden space 10752K, 0% used [0x00000000eab00000,0x00000000eab00000,0x00000000eb580000)
  from space 2048K, 57% used [0x00000000eb580000,0x00000000eb6a8000,0x00000000eb780000)
  to   space 1536K, 0% used [0x00000000eb800000,0x00000000eb800000,0x00000000eb980000)
 ParOldGen       total 147968K, used 141581K [0x00000000c0000000, 0x00000000c9080000, 0x00000000eab00000)
  object space 147968K, 95% used [0x00000000c0000000,0x00000000c8a437b0,0x00000000c9080000)
 Metaspace       used 60379K, committed 61184K, reserved 1105920K
  class space    used 6361K, committed 6720K, reserved 1048576K
}
Event: 21.813 GC heap before
{Heap before GC invocations=83 (full 5):
 PSYoungGen      total 12800K, used 11936K [0x00000000eab00000, 0x00000000eb980000, 0x0000000100000000)
  eden space 10752K, 100% used [0x00000000eab00000,0x00000000eb580000,0x00000000eb580000)
  from space 2048K, 57% used [0x00000000eb580000,0x00000000eb6a8000,0x00000000eb780000)
  to   space 1536K, 0% used [0x00000000eb800000,0x00000000eb800000,0x00000000eb980000)
 ParOldGen       total 147968K, used 141581K [0x00000000c0000000, 0x00000000c9080000, 0x00000000eab00000)
  object space 147968K, 95% used [0x00000000c0000000,0x00000000c8a437b0,0x00000000c9080000)
 Metaspace       used 60409K, committed 61312K, reserved 1105920K
  class space    used 6368K, committed 6784K, reserved 1048576K
}
Event: 21.818 GC heap after
{Heap after GC invocations=83 (full 5):
 PSYoungGen      total 11264K, used 1534K [0x00000000eab00000, 0x00000000ebe80000, 0x0000000100000000)
  eden space 9728K, 0% used [0x00000000eab00000,0x00000000eab00000,0x00000000eb480000)
  from space 1536K, 99% used [0x00000000eb800000,0x00000000eb97fbe0,0x00000000eb980000)
  to   space 3584K, 0% used [0x00000000eb480000,0x00000000eb480000,0x00000000eb800000)
 ParOldGen       total 147968K, used 143214K [0x00000000c0000000, 0x00000000c9080000, 0x00000000eab00000)
  object space 147968K, 96% used [0x00000000c0000000,0x00000000c8bdbb18,0x00000000c9080000)
 Metaspace       used 60409K, committed 61312K, reserved 1105920K
  class space    used 6368K, committed 6784K, reserved 1048576K
}
Event: 21.858 GC heap before
{Heap before GC invocations=84 (full 5):
 PSYoungGen      total 11264K, used 11262K [0x00000000eab00000, 0x00000000ebe80000, 0x0000000100000000)
  eden space 9728K, 100% used [0x00000000eab00000,0x00000000eb480000,0x00000000eb480000)
  from space 1536K, 99% used [0x00000000eb800000,0x00000000eb97fbe0,0x00000000eb980000)
  to   space 3584K, 0% used [0x00000000eb480000,0x00000000eb480000,0x00000000eb800000)
 ParOldGen       total 147968K, used 143214K [0x00000000c0000000, 0x00000000c9080000, 0x00000000eab00000)
  object space 147968K, 96% used [0x00000000c0000000,0x00000000c8bdbb18,0x00000000c9080000)
 Metaspace       used 60433K, committed 61312K, reserved 1105920K
  class space    used 6369K, committed 6784K, reserved 1048576K
}
Event: 21.863 GC heap after
{Heap after GC invocations=84 (full 5):
 PSYoungGen      total 13312K, used 2220K [0x00000000eab00000, 0x00000000ebb00000, 0x0000000100000000)
  eden space 9728K, 0% used [0x00000000eab00000,0x00000000eab00000,0x00000000eb480000)
  from space 3584K, 61% used [0x00000000eb480000,0x00000000eb6ab378,0x00000000eb800000)
  to   space 2560K, 0% used [0x00000000eb880000,0x00000000eb880000,0x00000000ebb00000)
 ParOldGen       total 147968K, used 144704K [0x00000000c0000000, 0x00000000c9080000, 0x00000000eab00000)
  object space 147968K, 97% used [0x00000000c0000000,0x00000000c8d50380,0x00000000c9080000)
 Metaspace       used 60433K, committed 61312K, reserved 1105920K
  class space    used 6369K, committed 6784K, reserved 1048576K
}
Event: 21.879 GC heap before
{Heap before GC invocations=85 (full 5):
 PSYoungGen      total 13312K, used 11948K [0x00000000eab00000, 0x00000000ebb00000, 0x0000000100000000)
  eden space 9728K, 100% used [0x00000000eab00000,0x00000000eb480000,0x00000000eb480000)
  from space 3584K, 61% used [0x00000000eb480000,0x00000000eb6ab378,0x00000000eb800000)
  to   space 2560K, 0% used [0x00000000eb880000,0x00000000eb880000,0x00000000ebb00000)
 ParOldGen       total 147968K, used 144704K [0x00000000c0000000, 0x00000000c9080000, 0x00000000eab00000)
  object space 147968K, 97% used [0x00000000c0000000,0x00000000c8d50380,0x00000000c9080000)
 Metaspace       used 60433K, committed 61312K, reserved 1105920K
  class space    used 6369K, committed 6784K, reserved 1048576K
}
Event: 21.883 GC heap after
{Heap after GC invocations=85 (full 5):
 PSYoungGen      total 13824K, used 2328K [0x00000000eab00000, 0x00000000ebb00000, 0x0000000100000000)
  eden space 11264K, 0% used [0x00000000eab00000,0x00000000eab00000,0x00000000eb600000)
  from space 2560K, 90% used [0x00000000eb880000,0x00000000ebac63b8,0x00000000ebb00000)
  to   space 2560K, 0% used [0x00000000eb600000,0x00000000eb600000,0x00000000eb880000)
 ParOldGen       total 147968K, used 146931K [0x00000000c0000000, 0x00000000c9080000, 0x00000000eab00000)
  object space 147968K, 99% used [0x00000000c0000000,0x00000000c8f7cf40,0x00000000c9080000)
 Metaspace       used 60433K, committed 61312K, reserved 1105920K
  class space    used 6369K, committed 6784K, reserved 1048576K
}
Event: 21.887 GC heap before
{Heap before GC invocations=86 (full 6):
 PSYoungGen      total 13824K, used 2328K [0x00000000eab00000, 0x00000000ebb00000, 0x0000000100000000)
  eden space 11264K, 0% used [0x00000000eab00000,0x00000000eab00000,0x00000000eb600000)
  from space 2560K, 90% used [0x00000000eb880000,0x00000000ebac63b8,0x00000000ebb00000)
  to   space 2560K, 0% used [0x00000000eb600000,0x00000000eb600000,0x00000000eb880000)
 ParOldGen       total 147968K, used 146931K [0x00000000c0000000, 0x00000000c9080000, 0x00000000eab00000)
  object space 147968K, 99% used [0x00000000c0000000,0x00000000c8f7cf40,0x00000000c9080000)
 Metaspace       used 60433K, committed 61312K, reserved 1105920K
  class space    used 6369K, committed 6784K, reserved 1048576K
}

