# JRE version: OpenJDK Runtime Environment Temurin-17.0.4.1+1 (17.0.4.1+1) (build 17.0.4.1+1)
# Java VM: OpenJDK 64-Bit Server VM Temurin-17.0.4.1+1 (17.0.4.1+1, mixed mode, tiered, compressed oops, compressed class ptrs, parallel gc, linux-amd64)
GC Precious Log:
 CPUs: 1 total, 1 available
 Memory: 985M
 Large Page Support: Disabled
 NUMA Support: Disabled
 Compressed Oops: Enabled (32-bit)
 Alignments: Space 512K, Generation 512K, Heap 2M
 Heap Min Capacity: 100M
 Heap Initial Capacity: 100M
 Heap Max Capacity: 1G
 Pre-touch: Disabled
 Parallel Workers: 1
Heap:
 PSYoungGen      total 45568K, used 9209K [0x00000000eab00000, 0x00000000ee080000, 0x0000000100000000)
  eden space 36352K, 0% used [0x00000000eab00000,0x00000000eab00000,0x00000000ece80000)
  from space 9216K, 99% used [0x00000000ece80000,0x00000000ed77e5e8,0x00000000ed780000)
  to   space 7680K, 0% used [0x00000000ed900000,0x00000000ed900000,0x00000000ee080000)
 ParOldGen       total 139264K, used 129707K [0x00000000c0000000, 0x00000000c8800000, 0x00000000eab00000)
  object space 139264K, 93% used [0x00000000c0000000,0x00000000c7eaaf88,0x00000000c8800000)
 Metaspace       used 55762K, committed 56576K, reserved 1105920K
  class space    used 5963K, committed 6336K, reserved 1048576K
GC Heap History (20 events):
Event: 8.631 GC heap after
{Heap after GC invocations=39 (full 3):
 PSYoungGen      total 25088K, used 3122K [0x00000000eab00000, 0x00000000ec800000, 0x0000000100000000)
  eden space 21504K, 0% used [0x00000000eab00000,0x00000000eab00000,0x00000000ec000000)
  from space 3584K, 87% used [0x00000000ec080000,0x00000000ec38ca50,0x00000000ec400000)
  to   space 4096K, 0% used [0x00000000ec400000,0x00000000ec400000,0x00000000ec800000)
 ParOldGen       total 96256K, used 87391K [0x00000000c0000000, 0x00000000c5e00000, 0x00000000eab00000)
  object space 96256K, 90% used [0x00000000c0000000,0x00000000c5557e78,0x00000000c5e00000)
 Metaspace       used 52617K, committed 53440K, reserved 1097728K
  class space    used 5700K, committed 6080K, reserved 1048576K
}
Event: 8.759 GC heap before
{Heap before GC invocations=40 (full 3):
 PSYoungGen      total 25088K, used 24563K [0x00000000eab00000, 0x00000000ec800000, 0x0000000100000000)
  eden space 21504K, 99% used [0x00000000eab00000,0x00000000ebff03b8,0x00000000ec000000)
  from space 3584K, 87% used [0x00000000ec080000,0x00000000ec38ca50,0x00000000ec400000)
  to   space 4096K, 0% used [0x00000000ec400000,0x00000000ec400000,0x00000000ec800000)
 ParOldGen       total 96256K, used 87391K [0x00000000c0000000, 0x00000000c5e00000, 0x00000000eab00000)
  object space 96256K, 90% used [0x00000000c0000000,0x00000000c5557e78,0x00000000c5e00000)
 Metaspace       used 52976K, committed 53760K, reserved 1097728K
  class space    used 5727K, committed 6080K, reserved 1048576K
}
Event: 8.782 GC heap after
{Heap after GC invocations=40 (full 3):
 PSYoungGen      total 25600K, used 3646K [0x00000000eab00000, 0x00000000ec800000, 0x0000000100000000)
  eden space 21504K, 0% used [0x00000000eab00000,0x00000000eab00000,0x00000000ec000000)
  from space 4096K, 89% used [0x00000000ec400000,0x00000000ec78fa30,0x00000000ec800000)
  to   space 4096K, 0% used [0x00000000ec000000,0x00000000ec000000,0x00000000ec400000)
 ParOldGen       total 96256K, used 92254K [0x00000000c0000000, 0x00000000c5e00000, 0x00000000eab00000)
  object space 96256K, 95% used [0x00000000c0000000,0x00000000c5a17b18,0x00000000c5e00000)
 Metaspace       used 52976K, committed 53760K, reserved 1097728K
  class space    used 5727K, committed 6080K, reserved 1048576K
}
Event: 8.782 GC heap before
{Heap before GC invocations=41 (full 4):
 PSYoungGen      total 25600K, used 3646K [0x00000000eab00000, 0x00000000ec800000, 0x0000000100000000)
  eden space 21504K, 0% used [0x00000000eab00000,0x00000000eab00000,0x00000000ec000000)
  from space 4096K, 89% used [0x00000000ec400000,0x00000000ec78fa30,0x00000000ec800000)
  to   space 4096K, 0% used [0x00000000ec000000,0x00000000ec000000,0x00000000ec400000)
 ParOldGen       total 96256K, used 92254K [0x00000000c0000000, 0x00000000c5e00000, 0x00000000eab00000)
  object space 96256K, 95% used [0x00000000c0000000,0x00000000c5a17b18,0x00000000c5e00000)
 Metaspace       used 52976K, committed 53760K, reserved 1097728K
  class space    used 5727K, committed 6080K, reserved 1048576K
}
Event: 9.038 GC heap after
{Heap after GC invocations=41 (full 4):
 PSYoungGen      total 25600K, used 0K [0x00000000eab00000, 0x00000000eca80000, 0x0000000100000000)
  eden space 21504K, 0% used [0x00000000eab00000,0x00000000eab00000,0x00000000ec000000)
  from space 4096K, 0% used [0x00000000ec000000,0x00000000ec000000,0x00000000ec400000)
  to   space 4096K, 0% used [0x00000000ec680000,0x00000000ec680000,0x00000000eca80000)
 ParOldGen       total 139264K, used 94557K [0x00000000c0000000, 0x00000000c8800000, 0x00000000eab00000)
  object space 139264K, 67% used [0x00000000c0000000,0x00000000c5c574b0,0x00000000c8800000)
 Metaspace       used 52976K, committed 53760K, reserved 1097728K
  class space    used 5727K, committed 6080K, reserved 1048576K
}
Event: 9.182 GC heap before
{Heap before GC invocations=42 (full 4):
 PSYoungGen      total 25600K, used 21504K [0x00000000eab00000, 0x00000000eca80000, 0x0000000100000000)
  eden space 21504K, 100% used [0x00000000eab00000,0x00000000ec000000,0x00000000ec000000)
  from space 4096K, 0% used [0x00000000ec000000,0x00000000ec000000,0x00000000ec400000)
  to   space 4096K, 0% used [0x00000000ec680000,0x00000000ec680000,0x00000000eca80000)
 ParOldGen       total 139264K, used 94557K [0x00000000c0000000, 0x00000000c8800000, 0x00000000eab00000)
  object space 139264K, 67% used [0x00000000c0000000,0x00000000c5c574b0,0x00000000c8800000)
 Metaspace       used 53719K, committed 54528K, reserved 1097728K
  class space    used 5785K, committed 6144K, reserved 1048576K
}
Event: 9.186 GC heap after
{Heap after GC invocations=42 (full 4):
 PSYoungGen      total 27648K, used 3177K [0x00000000eab00000, 0x00000000eca00000, 0x0000000100000000)
  eden space 24064K, 0% used [0x00000000eab00000,0x00000000eab00000,0x00000000ec280000)
  from space 3584K, 88% used [0x00000000ec680000,0x00000000ec99a630,0x00000000eca00000)
  to   space 3584K, 0% used [0x00000000ec300000,0x00000000ec300000,0x00000000ec680000)
 ParOldGen       total 139264K, used 94557K [0x00000000c0000000, 0x00000000c8800000, 0x00000000eab00000)
  object space 139264K, 67% used [0x00000000c0000000,0x00000000c5c574b0,0x00000000c8800000)
 Metaspace       used 53719K, committed 54528K, reserved 1097728K
  class space    used 5785K, committed 6144K, reserved 1048576K
}
Event: 9.331 GC heap before
{Heap before GC invocations=43 (full 4):
 PSYoungGen      total 27648K, used 27241K [0x00000000eab00000, 0x00000000eca00000, 0x0000000100000000)
  eden space 24064K, 100% used [0x00000000eab00000,0x00000000ec280000,0x00000000ec280000)
  from space 3584K, 88% used [0x00000000ec680000,0x00000000ec99a630,0x00000000eca00000)
  to   space 3584K, 0% used [0x00000000ec300000,0x00000000ec300000,0x00000000ec680000)
 ParOldGen       total 139264K, used 94557K [0x00000000c0000000, 0x00000000c8800000, 0x00000000eab00000)
  object space 139264K, 67% used [0x00000000c0000000,0x00000000c5c574b0,0x00000000c8800000)
 Metaspace       used 54282K, committed 55040K, reserved 1105920K
  class space    used 5837K, committed 6208K, reserved 1048576K
}
Event: 9.341 GC heap after
{Heap after GC invocations=43 (full 4):
 PSYoungGen      total 28160K, used 3556K [0x00000000eab00000, 0x00000000ed700000, 0x0000000100000000)
  eden space 24576K, 0% used [0x00000000eab00000,0x00000000eab00000,0x00000000ec300000)
  from space 3584K, 99% used [0x00000000ec300000,0x00000000ec679080,0x00000000ec680000)
  to   space 9216K, 0% used [0x00000000ece00000,0x00000000ece00000,0x00000000ed700000)
 ParOldGen       total 139264K, used 99208K [0x00000000c0000000, 0x00000000c8800000, 0x00000000eab00000)
  object space 139264K, 71% used [0x00000000c0000000,0x00000000c60e21a0,0x00000000c8800000)
 Metaspace       used 54282K, committed 55040K, reserved 1105920K
  class space    used 5837K, committed 6208K, reserved 1048576K
}
Event: 9.577 GC heap before
{Heap before GC invocations=44 (full 4):
 PSYoungGen      total 28160K, used 28132K [0x00000000eab00000, 0x00000000ed700000, 0x0000000100000000)
  eden space 24576K, 100% used [0x00000000eab00000,0x00000000ec300000,0x00000000ec300000)
  from space 3584K, 99% used [0x00000000ec300000,0x00000000ec679080,0x00000000ec680000)
  to   space 9216K, 0% used [0x00000000ece00000,0x00000000ece00000,0x00000000ed700000)
 ParOldGen       total 139264K, used 99208K [0x00000000c0000000, 0x00000000c8800000, 0x00000000eab00000)
  object space 139264K, 71% used [0x00000000c0000000,0x00000000c60e21a0,0x00000000c8800000)
 Metaspace       used 54598K, committed 55360K, reserved 1105920K
  class space    used 5869K, committed 6208K, reserved 1048576K
}
Event: 9.608 GC heap after
{Heap after GC invocations=44 (full 4):
 PSYoungGen      total 32256K, used 5019K [0x00000000eab00000, 0x00000000ed300000, 0x0000000100000000)
  eden space 27136K, 0% used [0x00000000eab00000,0x00000000eab00000,0x00000000ec580000)
  from space 5120K, 98% used [0x00000000ece00000,0x00000000ed2e6e98,0x00000000ed300000)
  to   space 6656K, 0% used [0x00000000ec600000,0x00000000ec600000,0x00000000ecc80000)
 ParOldGen       total 139264K, used 102701K [0x00000000c0000000, 0x00000000c8800000, 0x00000000eab00000)
  object space 139264K, 73% used [0x00000000c0000000,0x00000000c644b788,0x00000000c8800000)
 Metaspace       used 54598K, committed 55360K, reserved 1105920K
  class space    used 5869K, committed 6208K, reserved 1048576K
}
Event: 9.736 GC heap before
{Heap before GC invocations=45 (full 4):
 PSYoungGen      total 32256K, used 32155K [0x00000000eab00000, 0x00000000ed300000, 0x0000000100000000)
  eden space 27136K, 100% used [0x00000000eab00000,0x00000000ec580000,0x00000000ec580000)
  from space 5120K, 98% used [0x00000000ece00000,0x00000000ed2e6e98,0x00000000ed300000)
  to   space 6656K, 0% used [0x00000000ec600000,0x00000000ec600000,0x00000000ecc80000)
 ParOldGen       total 139264K, used 102701K [0x00000000c0000000, 0x00000000c8800000, 0x00000000eab00000)
  object space 139264K, 73% used [0x00000000c0000000,0x00000000c644b788,0x00000000c8800000)
 Metaspace       used 54768K, committed 55552K, reserved 1105920K
  class space    used 5884K, committed 6208K, reserved 1048576K
}
Event: 9.758 GC heap after
{Heap after GC invocations=45 (full 4):
 PSYoungGen      total 34304K, used 6645K [0x00000000eab00000, 0x00000000edc80000, 0x0000000100000000)
  eden space 27648K, 0% used [0x00000000eab00000,0x00000000eab00000,0x00000000ec600000)
  from space 6656K, 99% used [0x00000000ec600000,0x00000000ecc7d620,0x00000000ecc80000)
  to   space 10240K, 0% used [0x00000000ed280000,0x00000000ed280000,0x00000000edc80000)
 ParOldGen       total 139264K, used 105243K [0x00000000c0000000, 0x00000000c8800000, 0x00000000eab00000)
  object space 139264K, 75% used [0x00000000c0000000,0x00000000c66c6e00,0x00000000c8800000)
 Metaspace       used 54768K, committed 55552K, reserved 1105920K
  class space    used 5884K, committed 6208K, reserved 1048576K
}
Event: 9.897 GC heap before
{Heap before GC invocations=46 (full 4):
 PSYoungGen      total 34304K, used 34293K [0x00000000eab00000, 0x00000000edc80000, 0x0000000100000000)
  eden space 27648K, 100% used [0x00000000eab00000,0x00000000ec600000,0x00000000ec600000)
  from space 6656K, 99% used [0x00000000ec600000,0x00000000ecc7d620,0x00000000ecc80000)
  to   space 10240K, 0% used [0x00000000ed280000,0x00000000ed280000,0x00000000edc80000)
 ParOldGen       total 139264K, used 105243K [0x00000000c0000000, 0x00000000c8800000, 0x00000000eab00000)
  object space 139264K, 75% used [0x00000000c0000000,0x00000000c66c6e00,0x00000000c8800000)
 Metaspace       used 55428K, committed 56192K, reserved 1105920K
  class space    used 5926K, committed 6272K, reserved 1048576K
}
Event: 9.920 GC heap after
{Heap after GC invocations=46 (full 4):
 PSYoungGen      total 35328K, used 4287K [0x00000000eab00000, 0x00000000ed700000, 0x0000000100000000)
  eden space 30720K, 0% used [0x00000000eab00000,0x00000000eab00000,0x00000000ec900000)
  from space 4608K, 93% used [0x00000000ed280000,0x00000000ed6afd80,0x00000000ed700000)
  to   space 6144K, 0% used [0x00000000ecb00000,0x00000000ecb00000,0x00000000ed100000)
 ParOldGen       total 139264K, used 111884K [0x00000000c0000000, 0x00000000c8800000, 0x00000000eab00000)
  object space 139264K, 80% used [0x00000000c0000000,0x00000000c6d43310,0x00000000c8800000)
 Metaspace       used 55428K, committed 56192K, reserved 1105920K
  class space    used 5926K, committed 6272K, reserved 1048576K
}
Event: 10.112 GC heap before
{Heap before GC invocations=47 (full 4):
 PSYoungGen      total 35328K, used 35007K [0x00000000eab00000, 0x00000000ed700000, 0x0000000100000000)
  eden space 30720K, 100% used [0x00000000eab00000,0x00000000ec900000,0x00000000ec900000)
  from space 4608K, 93% used [0x00000000ed280000,0x00000000ed6afd80,0x00000000ed700000)
  to   space 6144K, 0% used [0x00000000ecb00000,0x00000000ecb00000,0x00000000ed100000)
 ParOldGen       total 139264K, used 111884K [0x00000000c0000000, 0x00000000c8800000, 0x00000000eab00000)
  object space 139264K, 80% used [0x00000000c0000000,0x00000000c6d43310,0x00000000c8800000)
 Metaspace       used 55532K, committed 56256K, reserved 1105920K
  class space    used 5943K, committed 6272K, reserved 1048576K
}
Event: 10.159 GC heap after
{Heap after GC invocations=47 (full 4):
 PSYoungGen      total 38912K, used 6122K [0x00000000eab00000, 0x00000000ee580000, 0x0000000100000000)
  eden space 32768K, 0% used [0x00000000eab00000,0x00000000eab00000,0x00000000ecb00000)
  from space 6144K, 99% used [0x00000000ecb00000,0x00000000ed0fabe0,0x00000000ed100000)
  to   space 12800K, 0% used [0x00000000ed900000,0x00000000ed900000,0x00000000ee580000)
 ParOldGen       total 139264K, used 117129K [0x00000000c0000000, 0x00000000c8800000, 0x00000000eab00000)
  object space 139264K, 84% used [0x00000000c0000000,0x00000000c7262740,0x00000000c8800000)
 Metaspace       used 55532K, committed 56256K, reserved 1105920K
  class space    used 5943K, committed 6272K, reserved 1048576K
}
Event: 10.786 GC heap before
{Heap before GC invocations=48 (full 4):
 PSYoungGen      total 38912K, used 38890K [0x00000000eab00000, 0x00000000ee580000, 0x0000000100000000)
  eden space 32768K, 100% used [0x00000000eab00000,0x00000000ecb00000,0x00000000ecb00000)
  from space 6144K, 99% used [0x00000000ecb00000,0x00000000ed0fabe0,0x00000000ed100000)
  to   space 12800K, 0% used [0x00000000ed900000,0x00000000ed900000,0x00000000ee580000)
 ParOldGen       total 139264K, used 117129K [0x00000000c0000000, 0x00000000c8800000, 0x00000000eab00000)
  object space 139264K, 84% used [0x00000000c0000000,0x00000000c7262740,0x00000000c8800000)
 Metaspace       used 55762K, committed 56576K, reserved 1105920K
  class space    used 5963K, committed 6336K, reserved 1048576K
}
Event: 10.904 GC heap after
{Heap after GC invocations=48 (full 4):
 PSYoungGen      total 44032K, used 7317K [0x00000000eab00000, 0x00000000ee080000, 0x0000000100000000)
  eden space 36352K, 0% used [0x00000000eab00000,0x00000000eab00000,0x00000000ece80000)
  from space 7680K, 95% used [0x00000000ed900000,0x00000000ee025550,0x00000000ee080000)
  to   space 9216K, 0% used [0x00000000ece80000,0x00000000ece80000,0x00000000ed780000)
 ParOldGen       total 139264K, used 123067K [0x00000000c0000000, 0x00000000c8800000, 0x00000000eab00000)
  object space 139264K, 88% used [0x00000000c0000000,0x00000000c782ee50,0x00000000c8800000)
 Metaspace       used 55762K, committed 56576K, reserved 1105920K
  class space    used 5963K, committed 6336K, reserved 1048576K
}
Event: 11.050 GC heap before
{Heap before GC invocations=49 (full 4):
 PSYoungGen      total 44032K, used 43669K [0x00000000eab00000, 0x00000000ee080000, 0x0000000100000000)
  eden space 36352K, 100% used [0x00000000eab00000,0x00000000ece80000,0x00000000ece80000)
  from space 7680K, 95% used [0x00000000ed900000,0x00000000ee025550,0x00000000ee080000)
  to   space 9216K, 0% used [0x00000000ece80000,0x00000000ece80000,0x00000000ed780000)
 ParOldGen       total 139264K, used 123067K [0x00000000c0000000, 0x00000000c8800000, 0x00000000eab00000)
  object space 139264K, 88% used [0x00000000c0000000,0x00000000c782ee50,0x00000000c8800000)
 Metaspace       used 55762K, committed 56576K, reserved 1105920K
  class space    used 5963K, committed 6336K, reserved 1048576K
}

