# JRE version: OpenJDK Runtime Environment Temurin-17.0.4.1+1 (17.0.4.1+1) (build 17.0.4.1+1)
# Java VM: OpenJDK 64-Bit Server VM Temurin-17.0.4.1+1 (17.0.4.1+1, mixed mode, tiered, compressed oops, compressed class ptrs, parallel gc, linux-amd64)
GC Precious Log:
 CPUs: 1 total, 1 available
 Memory: 985M
 Large Page Support: Disabled
 NUMA Support: Disabled
 Compressed Oops: Enabled (32-bit)
 Alignments: Space 512K, Generation 512K, Heap 2M
 Heap Min Capacity: 100M
 Heap Initial Capacity: 100M
 Heap Max Capacity: 1G
 Pre-touch: Disabled
 Parallel Workers: 1
Heap:
 PSYoungGen      total 21504K, used 2439K [0x00000000eab00000, 0x00000000ecf00000, 0x0000000100000000)
  eden space 17408K, 0% used [0x00000000eab00000,0x00000000eab00000,0x00000000ebc00000)
  from space 4096K, 59% used [0x00000000ebc00000,0x00000000ebe61d48,0x00000000ec000000)
  to   space 8704K, 0% used [0x00000000ec680000,0x00000000ec680000,0x00000000ecf00000)
 ParOldGen       total 147968K, used 147768K [0x00000000c0000000, 0x00000000c9080000, 0x00000000eab00000)
  object space 147968K, 99% used [0x00000000c0000000,0x00000000c904e1e8,0x00000000c9080000)
 Metaspace       used 55600K, committed 56448K, reserved 1105920K
  class space    used 5952K, committed 6336K, reserved 1048576K
GC Heap History (20 events):
Event: 11.019 GC heap after
{Heap after GC invocations=58 (full 5):
 PSYoungGen      total 11264K, used 1770K [0x00000000eab00000, 0x00000000eba00000, 0x0000000100000000)
  eden space 9216K, 0% used [0x00000000eab00000,0x00000000eab00000,0x00000000eb400000)
  from space 2048K, 86% used [0x00000000eb800000,0x00000000eb9baa10,0x00000000eba00000)
  to   space 2560K, 0% used [0x00000000eb500000,0x00000000eb500000,0x00000000eb780000)
 ParOldGen       total 147968K, used 121886K [0x00000000c0000000, 0x00000000c9080000, 0x00000000eab00000)
  object space 147968K, 82% used [0x00000000c0000000,0x00000000c7707a20,0x00000000c9080000)
 Metaspace       used 55311K, committed 56064K, reserved 1105920K
  class space    used 5931K, committed 6272K, reserved 1048576K
}
Event: 11.041 GC heap before
{Heap before GC invocations=59 (full 5):
 PSYoungGen      total 11264K, used 10986K [0x00000000eab00000, 0x00000000eba00000, 0x0000000100000000)
  eden space 9216K, 100% used [0x00000000eab00000,0x00000000eb400000,0x00000000eb400000)
  from space 2048K, 86% used [0x00000000eb800000,0x00000000eb9baa10,0x00000000eba00000)
  to   space 2560K, 0% used [0x00000000eb500000,0x00000000eb500000,0x00000000eb780000)
 ParOldGen       total 147968K, used 121886K [0x00000000c0000000, 0x00000000c9080000, 0x00000000eab00000)
  object space 147968K, 82% used [0x00000000c0000000,0x00000000c7707a20,0x00000000c9080000)
 Metaspace       used 55486K, committed 56256K, reserved 1105920K
  class space    used 5938K, committed 6272K, reserved 1048576K
}
Event: 11.045 GC heap after
{Heap after GC invocations=59 (full 5):
 PSYoungGen      total 12800K, used 2534K [0x00000000eab00000, 0x00000000ebe00000, 0x0000000100000000)
  eden space 10240K, 0% used [0x00000000eab00000,0x00000000eab00000,0x00000000eb500000)
  from space 2560K, 99% used [0x00000000eb500000,0x00000000eb779ba0,0x00000000eb780000)
  to   space 4608K, 0% used [0x00000000eb980000,0x00000000eb980000,0x00000000ebe00000)
 ParOldGen       total 147968K, used 123136K [0x00000000c0000000, 0x00000000c9080000, 0x00000000eab00000)
  object space 147968K, 83% used [0x00000000c0000000,0x00000000c78402e0,0x00000000c9080000)
 Metaspace       used 55486K, committed 56256K, reserved 1105920K
  class space    used 5938K, committed 6272K, reserved 1048576K
}
Event: 11.065 GC heap before
{Heap before GC invocations=60 (full 5):
 PSYoungGen      total 12800K, used 12767K [0x00000000eab00000, 0x00000000ebe00000, 0x0000000100000000)
  eden space 10240K, 99% used [0x00000000eab00000,0x00000000eb4fe1c8,0x00000000eb500000)
  from space 2560K, 99% used [0x00000000eb500000,0x00000000eb779ba0,0x00000000eb780000)
  to   space 4608K, 0% used [0x00000000eb980000,0x00000000eb980000,0x00000000ebe00000)
 ParOldGen       total 147968K, used 123136K [0x00000000c0000000, 0x00000000c9080000, 0x00000000eab00000)
  object space 147968K, 83% used [0x00000000c0000000,0x00000000c78402e0,0x00000000c9080000)
 Metaspace       used 55486K, committed 56256K, reserved 1105920K
  class space    used 5938K, committed 6272K, reserved 1048576K
}
Event: 11.070 GC heap after
{Heap after GC invocations=60 (full 5):
 PSYoungGen      total 14848K, used 2572K [0x00000000eab00000, 0x00000000ebc80000, 0x0000000100000000)
  eden space 11776K, 0% used [0x00000000eab00000,0x00000000eab00000,0x00000000eb680000)
  from space 3072K, 83% used [0x00000000eb980000,0x00000000ebc031e8,0x00000000ebc80000)
  to   space 3072K, 0% used [0x00000000eb680000,0x00000000eb680000,0x00000000eb980000)
 ParOldGen       total 147968K, used 125637K [0x00000000c0000000, 0x00000000c9080000, 0x00000000eab00000)
  object space 147968K, 84% used [0x00000000c0000000,0x00000000c7ab16d0,0x00000000c9080000)
 Metaspace       used 55486K, committed 56256K, reserved 1105920K
  class space    used 5938K, committed 6272K, reserved 1048576K
}
Event: 11.091 GC heap before
{Heap before GC invocations=61 (full 5):
 PSYoungGen      total 14848K, used 14348K [0x00000000eab00000, 0x00000000ebc80000, 0x0000000100000000)
  eden space 11776K, 100% used [0x00000000eab00000,0x00000000eb680000,0x00000000eb680000)
  from space 3072K, 83% used [0x00000000eb980000,0x00000000ebc031e8,0x00000000ebc80000)
  to   space 3072K, 0% used [0x00000000eb680000,0x00000000eb680000,0x00000000eb980000)
 ParOldGen       total 147968K, used 125637K [0x00000000c0000000, 0x00000000c9080000, 0x00000000eab00000)
  object space 147968K, 84% used [0x00000000c0000000,0x00000000c7ab16d0,0x00000000c9080000)
 Metaspace       used 55486K, committed 56256K, reserved 1105920K
  class space    used 5938K, committed 6272K, reserved 1048576K
}
Event: 11.096 GC heap after
{Heap after GC invocations=61 (full 5):
 PSYoungGen      total 14848K, used 3053K [0x00000000eab00000, 0x00000000ec400000, 0x0000000100000000)
  eden space 11776K, 0% used [0x00000000eab00000,0x00000000eab00000,0x00000000eb680000)
  from space 3072K, 99% used [0x00000000eb680000,0x00000000eb97b758,0x00000000eb980000)
  to   space 6144K, 0% used [0x00000000ebe00000,0x00000000ebe00000,0x00000000ec400000)
 ParOldGen       total 147968K, used 127905K [0x00000000c0000000, 0x00000000c9080000, 0x00000000eab00000)
  object space 147968K, 86% used [0x00000000c0000000,0x00000000c7ce87a0,0x00000000c9080000)
 Metaspace       used 55486K, committed 56256K, reserved 1105920K
  class space    used 5938K, committed 6272K, reserved 1048576K
}
Event: 11.120 GC heap before
{Heap before GC invocations=62 (full 5):
 PSYoungGen      total 14848K, used 14829K [0x00000000eab00000, 0x00000000ec400000, 0x0000000100000000)
  eden space 11776K, 100% used [0x00000000eab00000,0x00000000eb680000,0x00000000eb680000)
  from space 3072K, 99% used [0x00000000eb680000,0x00000000eb97b758,0x00000000eb980000)
  to   space 6144K, 0% used [0x00000000ebe00000,0x00000000ebe00000,0x00000000ec400000)
 ParOldGen       total 147968K, used 127905K [0x00000000c0000000, 0x00000000c9080000, 0x00000000eab00000)
  object space 147968K, 86% used [0x00000000c0000000,0x00000000c7ce87a0,0x00000000c9080000)
 Metaspace       used 55487K, committed 56256K, reserved 1105920K
  class space    used 5938K, committed 6272K, reserved 1048576K
}
Event: 11.125 GC heap after
{Heap after GC invocations=62 (full 5):
 PSYoungGen      total 16384K, used 2708K [0x00000000eab00000, 0x00000000ec100000, 0x0000000100000000)
  eden space 13312K, 0% used [0x00000000eab00000,0x00000000eab00000,0x00000000eb800000)
  from space 3072K, 88% used [0x00000000ebe00000,0x00000000ec0a5390,0x00000000ec100000)
  to   space 4096K, 0% used [0x00000000eb900000,0x00000000eb900000,0x00000000ebd00000)
 ParOldGen       total 147968K, used 130946K [0x00000000c0000000, 0x00000000c9080000, 0x00000000eab00000)
  object space 147968K, 88% used [0x00000000c0000000,0x00000000c7fe0b58,0x00000000c9080000)
 Metaspace       used 55487K, committed 56256K, reserved 1105920K
  class space    used 5938K, committed 6272K, reserved 1048576K
}
Event: 11.161 GC heap before
{Heap before GC invocations=63 (full 5):
 PSYoungGen      total 16384K, used 16020K [0x00000000eab00000, 0x00000000ec100000, 0x0000000100000000)
  eden space 13312K, 100% used [0x00000000eab00000,0x00000000eb800000,0x00000000eb800000)
  from space 3072K, 88% used [0x00000000ebe00000,0x00000000ec0a5390,0x00000000ec100000)
  to   space 4096K, 0% used [0x00000000eb900000,0x00000000eb900000,0x00000000ebd00000)
 ParOldGen       total 147968K, used 130946K [0x00000000c0000000, 0x00000000c9080000, 0x00000000eab00000)
  object space 147968K, 88% used [0x00000000c0000000,0x00000000c7fe0b58,0x00000000c9080000)
 Metaspace       used 55497K, committed 56256K, reserved 1105920K
  class space    used 5940K, committed 6272K, reserved 1048576K
}
Event: 11.203 GC heap after
{Heap after GC invocations=63 (full 5):
 PSYoungGen      total 18432K, used 3272K [0x00000000eab00000, 0x00000000ec100000, 0x0000000100000000)
  eden space 14336K, 0% used [0x00000000eab00000,0x00000000eab00000,0x00000000eb900000)
  from space 4096K, 79% used [0x00000000eb900000,0x00000000ebc32148,0x00000000ebd00000)
  to   space 3584K, 0% used [0x00000000ebd80000,0x00000000ebd80000,0x00000000ec100000)
 ParOldGen       total 147968K, used 133600K [0x00000000c0000000, 0x00000000c9080000, 0x00000000eab00000)
  object space 147968K, 90% used [0x00000000c0000000,0x00000000c8278310,0x00000000c9080000)
 Metaspace       used 55497K, committed 56256K, reserved 1105920K
  class space    used 5940K, committed 6272K, reserved 1048576K
}
Event: 11.281 GC heap before
{Heap before GC invocations=64 (full 5):
 PSYoungGen      total 18432K, used 17608K [0x00000000eab00000, 0x00000000ec100000, 0x0000000100000000)
  eden space 14336K, 100% used [0x00000000eab00000,0x00000000eb900000,0x00000000eb900000)
  from space 4096K, 79% used [0x00000000eb900000,0x00000000ebc32148,0x00000000ebd00000)
  to   space 3584K, 0% used [0x00000000ebd80000,0x00000000ebd80000,0x00000000ec100000)
 ParOldGen       total 147968K, used 133600K [0x00000000c0000000, 0x00000000c9080000, 0x00000000eab00000)
  object space 147968K, 90% used [0x00000000c0000000,0x00000000c8278310,0x00000000c9080000)
 Metaspace       used 55504K, committed 56256K, reserved 1105920K
  class space    used 5941K, committed 6272K, reserved 1048576K
}
Event: 11.288 GC heap after
{Heap after GC invocations=64 (full 5):
 PSYoungGen      total 18944K, used 3229K [0x00000000eab00000, 0x00000000ec200000, 0x0000000100000000)
  eden space 15360K, 0% used [0x00000000eab00000,0x00000000eab00000,0x00000000eba00000)
  from space 3584K, 90% used [0x00000000ebd80000,0x00000000ec0a75a8,0x00000000ec100000)
  to   space 3584K, 0% used [0x00000000eba00000,0x00000000eba00000,0x00000000ebd80000)
 ParOldGen       total 147968K, used 136818K [0x00000000c0000000, 0x00000000c9080000, 0x00000000eab00000)
  object space 147968K, 92% used [0x00000000c0000000,0x00000000c859cb98,0x00000000c9080000)
 Metaspace       used 55504K, committed 56256K, reserved 1105920K
  class space    used 5941K, committed 6272K, reserved 1048576K
}
Event: 11.433 GC heap before
{Heap before GC invocations=65 (full 5):
 PSYoungGen      total 18944K, used 18589K [0x00000000eab00000, 0x00000000ec200000, 0x0000000100000000)
  eden space 15360K, 100% used [0x00000000eab00000,0x00000000eba00000,0x00000000eba00000)
  from space 3584K, 90% used [0x00000000ebd80000,0x00000000ec0a75a8,0x00000000ec100000)
  to   space 3584K, 0% used [0x00000000eba00000,0x00000000eba00000,0x00000000ebd80000)
 ParOldGen       total 147968K, used 136818K [0x00000000c0000000, 0x00000000c9080000, 0x00000000eab00000)
  object space 147968K, 92% used [0x00000000c0000000,0x00000000c859cb98,0x00000000c9080000)
 Metaspace       used 55527K, committed 56320K, reserved 1105920K
  class space    used 5944K, committed 6336K, reserved 1048576K
}
Event: 11.479 GC heap after
{Heap after GC invocations=65 (full 5):
 PSYoungGen      total 18944K, used 3560K [0x00000000eab00000, 0x00000000ec400000, 0x0000000100000000)
  eden space 15360K, 0% used [0x00000000eab00000,0x00000000eab00000,0x00000000eba00000)
  from space 3584K, 99% used [0x00000000eba00000,0x00000000ebd7a218,0x00000000ebd80000)
  to   space 4096K, 0% used [0x00000000ec000000,0x00000000ec000000,0x00000000ec400000)
 ParOldGen       total 147968K, used 139951K [0x00000000c0000000, 0x00000000c9080000, 0x00000000eab00000)
  object space 147968K, 94% used [0x00000000c0000000,0x00000000c88abdf8,0x00000000c9080000)
 Metaspace       used 55527K, committed 56320K, reserved 1105920K
  class space    used 5944K, committed 6336K, reserved 1048576K
}
Event: 11.639 GC heap before
{Heap before GC invocations=66 (full 5):
 PSYoungGen      total 18944K, used 18920K [0x00000000eab00000, 0x00000000ec400000, 0x0000000100000000)
  eden space 15360K, 100% used [0x00000000eab00000,0x00000000eba00000,0x00000000eba00000)
  from space 3584K, 99% used [0x00000000eba00000,0x00000000ebd7a218,0x00000000ebd80000)
  to   space 4096K, 0% used [0x00000000ec000000,0x00000000ec000000,0x00000000ec400000)
 ParOldGen       total 147968K, used 139951K [0x00000000c0000000, 0x00000000c9080000, 0x00000000eab00000)
  object space 147968K, 94% used [0x00000000c0000000,0x00000000c88abdf8,0x00000000c9080000)
 Metaspace       used 55527K, committed 56320K, reserved 1105920K
  class space    used 5944K, committed 6336K, reserved 1048576K
}
Event: 11.688 GC heap after
{Heap after GC invocations=66 (full 5):
 PSYoungGen      total 21504K, used 3887K [0x00000000eab00000, 0x00000000ec400000, 0x0000000100000000)
  eden space 17408K, 0% used [0x00000000eab00000,0x00000000eab00000,0x00000000ebc00000)
  from space 4096K, 94% used [0x00000000ec000000,0x00000000ec3cbf78,0x00000000ec400000)
  to   space 4096K, 0% used [0x00000000ebc00000,0x00000000ebc00000,0x00000000ec000000)
 ParOldGen       total 147968K, used 143471K [0x00000000c0000000, 0x00000000c9080000, 0x00000000eab00000)
  object space 147968K, 96% used [0x00000000c0000000,0x00000000c8c1bf28,0x00000000c9080000)
 Metaspace       used 55527K, committed 56320K, reserved 1105920K
  class space    used 5944K, committed 6336K, reserved 1048576K
}
Event: 11.971 GC heap before
{Heap before GC invocations=67 (full 5):
 PSYoungGen      total 21504K, used 21295K [0x00000000eab00000, 0x00000000ec400000, 0x0000000100000000)
  eden space 17408K, 100% used [0x00000000eab00000,0x00000000ebc00000,0x00000000ebc00000)
  from space 4096K, 94% used [0x00000000ec000000,0x00000000ec3cbf78,0x00000000ec400000)
  to   space 4096K, 0% used [0x00000000ebc00000,0x00000000ebc00000,0x00000000ec000000)
 ParOldGen       total 147968K, used 143471K [0x00000000c0000000, 0x00000000c9080000, 0x00000000eab00000)
  object space 147968K, 96% used [0x00000000c0000000,0x00000000c8c1bf28,0x00000000c9080000)
 Metaspace       used 55600K, committed 56448K, reserved 1105920K
  class space    used 5952K, committed 6336K, reserved 1048576K
}
Event: 11.983 GC heap after
{Heap after GC invocations=67 (full 5):
 PSYoungGen      total 21504K, used 4081K [0x00000000eab00000, 0x00000000ecf00000, 0x0000000100000000)
  eden space 17408K, 0% used [0x00000000eab00000,0x00000000eab00000,0x00000000ebc00000)
  from space 4096K, 99% used [0x00000000ebc00000,0x00000000ebffc7e0,0x00000000ec000000)
  to   space 8704K, 0% used [0x00000000ec680000,0x00000000ec680000,0x00000000ecf00000)
 ParOldGen       total 147968K, used 147350K [0x00000000c0000000, 0x00000000c9080000, 0x00000000eab00000)
  object space 147968K, 99% used [0x00000000c0000000,0x00000000c8fe5bb0,0x00000000c9080000)
 Metaspace       used 55600K, committed 56448K, reserved 1105920K
  class space    used 5952K, committed 6336K, reserved 1048576K
}
Event: 11.983 GC heap before
{Heap before GC invocations=68 (full 6):
 PSYoungGen      total 21504K, used 4081K [0x00000000eab00000, 0x00000000ecf00000, 0x0000000100000000)
  eden space 17408K, 0% used [0x00000000eab00000,0x00000000eab00000,0x00000000ebc00000)
  from space 4096K, 99% used [0x00000000ebc00000,0x00000000ebffc7e0,0x00000000ec000000)
  to   space 8704K, 0% used [0x00000000ec680000,0x00000000ec680000,0x00000000ecf00000)
 ParOldGen       total 147968K, used 147350K [0x00000000c0000000, 0x00000000c9080000, 0x00000000eab00000)
  object space 147968K, 99% used [0x00000000c0000000,0x00000000c8fe5bb0,0x00000000c9080000)
 Metaspace       used 55600K, committed 56448K, reserved 1105920K
  class space    used 5952K, committed 6336K, reserved 1048576K
}

