# JRE version: OpenJDK Runtime Environment Temurin-17.0.4.1+1 (17.0.4.1+1) (build 17.0.4.1+1)
# Java VM: OpenJDK 64-Bit Server VM Temurin-17.0.4.1+1 (17.0.4.1+1, mixed mode, tiered, compressed oops, compressed class ptrs, parallel gc, linux-amd64)
GC Precious Log:
 CPUs: 1 total, 1 available
 Memory: 985M
 Large Page Support: Disabled
 NUMA Support: Disabled
 Compressed Oops: Enabled (32-bit)
 Alignments: Space 512K, Generation 512K, Heap 2M
 Heap Min Capacity: 100M
 Heap Initial Capacity: 100M
 Heap Max Capacity: 1G
 Pre-touch: Disabled
 Parallel Workers: 1
Heap:
 PSYoungGen      total 16384K, used 0K [0x00000000eab00000, 0x00000000ec000000, 0x0000000100000000)
  eden space 12800K, 0% used [0x00000000eab00000,0x00000000eab00000,0x00000000eb780000)
  from space 3584K, 0% used [0x00000000eb780000,0x00000000eb780000,0x00000000ebb00000)
  to   space 3072K, 0% used [0x00000000ebb00000,0x00000000ebb00000,0x00000000ebe00000)
 ParOldGen       total 148992K, used 148926K [0x00000000c0000000, 0x00000000c9180000, 0x00000000eab00000)
  object space 148992K, 99% used [0x00000000c0000000,0x00000000c916fa10,0x00000000c9180000)
 Metaspace       used 55831K, committed 56704K, reserved 1105920K
  class space    used 5967K, committed 6336K, reserved 1048576K
GC Heap History (20 events):
Event: 10.416 GC heap after
{Heap after GC invocations=103 (full 5):
 PSYoungGen      total 7680K, used 1340K [0x00000000eab00000, 0x00000000eb500000, 0x0000000100000000)
  eden space 6144K, 0% used [0x00000000eab00000,0x00000000eab00000,0x00000000eb100000)
  from space 1536K, 87% used [0x00000000eb100000,0x00000000eb24f398,0x00000000eb280000)
  to   space 1536K, 0% used [0x00000000eb380000,0x00000000eb380000,0x00000000eb500000)
 ParOldGen       total 148992K, used 130610K [0x00000000c0000000, 0x00000000c9180000, 0x00000000eab00000)
  object space 148992K, 87% used [0x00000000c0000000,0x00000000c7f8c960,0x00000000c9180000)
 Metaspace       used 55673K, committed 56512K, reserved 1105920K
  class space    used 5955K, committed 6272K, reserved 1048576K
}
Event: 10.437 GC heap before
{Heap before GC invocations=104 (full 5):
 PSYoungGen      total 7680K, used 7484K [0x00000000eab00000, 0x00000000eb500000, 0x0000000100000000)
  eden space 6144K, 100% used [0x00000000eab00000,0x00000000eb100000,0x00000000eb100000)
  from space 1536K, 87% used [0x00000000eb100000,0x00000000eb24f398,0x00000000eb280000)
  to   space 1536K, 0% used [0x00000000eb380000,0x00000000eb380000,0x00000000eb500000)
 ParOldGen       total 148992K, used 130610K [0x00000000c0000000, 0x00000000c9180000, 0x00000000eab00000)
  object space 148992K, 87% used [0x00000000c0000000,0x00000000c7f8c960,0x00000000c9180000)
 Metaspace       used 55679K, committed 56512K, reserved 1105920K
  class space    used 5955K, committed 6272K, reserved 1048576K
}
Event: 10.441 GC heap after
{Heap after GC invocations=104 (full 5):
 PSYoungGen      total 8704K, used 1412K [0x00000000eab00000, 0x00000000eb500000, 0x0000000100000000)
  eden space 7168K, 0% used [0x00000000eab00000,0x00000000eab00000,0x00000000eb200000)
  from space 1536K, 91% used [0x00000000eb380000,0x00000000eb4e13c0,0x00000000eb500000)
  to   space 1536K, 0% used [0x00000000eb200000,0x00000000eb200000,0x00000000eb380000)
 ParOldGen       total 148992K, used 131897K [0x00000000c0000000, 0x00000000c9180000, 0x00000000eab00000)
  object space 148992K, 88% used [0x00000000c0000000,0x00000000c80ce598,0x00000000c9180000)
 Metaspace       used 55679K, committed 56512K, reserved 1105920K
  class space    used 5955K, committed 6272K, reserved 1048576K
}
Event: 10.466 GC heap before
{Heap before GC invocations=105 (full 5):
 PSYoungGen      total 8704K, used 8580K [0x00000000eab00000, 0x00000000eb500000, 0x0000000100000000)
  eden space 7168K, 100% used [0x00000000eab00000,0x00000000eb200000,0x00000000eb200000)
  from space 1536K, 91% used [0x00000000eb380000,0x00000000eb4e13c0,0x00000000eb500000)
  to   space 1536K, 0% used [0x00000000eb200000,0x00000000eb200000,0x00000000eb380000)
 ParOldGen       total 148992K, used 131897K [0x00000000c0000000, 0x00000000c9180000, 0x00000000eab00000)
  object space 148992K, 88% used [0x00000000c0000000,0x00000000c80ce598,0x00000000c9180000)
 Metaspace       used 55679K, committed 56512K, reserved 1105920K
  class space    used 5955K, committed 6272K, reserved 1048576K
}
Event: 10.469 GC heap after
{Heap after GC invocations=105 (full 5):
 PSYoungGen      total 8704K, used 1532K [0x00000000eab00000, 0x00000000eba00000, 0x0000000100000000)
  eden space 7168K, 0% used [0x00000000eab00000,0x00000000eab00000,0x00000000eb200000)
  from space 1536K, 99% used [0x00000000eb200000,0x00000000eb37f300,0x00000000eb380000)
  to   space 3584K, 0% used [0x00000000eb680000,0x00000000eb680000,0x00000000eba00000)
 ParOldGen       total 148992K, used 133382K [0x00000000c0000000, 0x00000000c9180000, 0x00000000eab00000)
  object space 148992K, 89% used [0x00000000c0000000,0x00000000c82418d0,0x00000000c9180000)
 Metaspace       used 55679K, committed 56512K, reserved 1105920K
  class space    used 5955K, committed 6272K, reserved 1048576K
}
Event: 10.526 GC heap before
{Heap before GC invocations=106 (full 5):
 PSYoungGen      total 8704K, used 8700K [0x00000000eab00000, 0x00000000eba00000, 0x0000000100000000)
  eden space 7168K, 100% used [0x00000000eab00000,0x00000000eb200000,0x00000000eb200000)
  from space 1536K, 99% used [0x00000000eb200000,0x00000000eb37f300,0x00000000eb380000)
  to   space 3584K, 0% used [0x00000000eb680000,0x00000000eb680000,0x00000000eba00000)
 ParOldGen       total 148992K, used 133382K [0x00000000c0000000, 0x00000000c9180000, 0x00000000eab00000)
  object space 148992K, 89% used [0x00000000c0000000,0x00000000c82418d0,0x00000000c9180000)
 Metaspace       used 55709K, committed 56512K, reserved 1105920K
  class space    used 5957K, committed 6272K, reserved 1048576K
}
Event: 10.543 GC heap after
{Heap after GC invocations=106 (full 5):
 PSYoungGen      total 10240K, used 1668K [0x00000000eab00000, 0x00000000eb880000, 0x0000000100000000)
  eden space 8192K, 0% used [0x00000000eab00000,0x00000000eab00000,0x00000000eb300000)
  from space 2048K, 81% used [0x00000000eb680000,0x00000000eb8212c0,0x00000000eb880000)
  to   space 2560K, 0% used [0x00000000eb380000,0x00000000eb380000,0x00000000eb600000)
 ParOldGen       total 148992K, used 134907K [0x00000000c0000000, 0x00000000c9180000, 0x00000000eab00000)
  object space 148992K, 90% used [0x00000000c0000000,0x00000000c83befb8,0x00000000c9180000)
 Metaspace       used 55709K, committed 56512K, reserved 1105920K
  class space    used 5957K, committed 6272K, reserved 1048576K
}
Event: 10.619 GC heap before
{Heap before GC invocations=107 (full 5):
 PSYoungGen      total 10240K, used 9854K [0x00000000eab00000, 0x00000000eb880000, 0x0000000100000000)
  eden space 8192K, 99% used [0x00000000eab00000,0x00000000eb2fe720,0x00000000eb300000)
  from space 2048K, 81% used [0x00000000eb680000,0x00000000eb8212c0,0x00000000eb880000)
  to   space 2560K, 0% used [0x00000000eb380000,0x00000000eb380000,0x00000000eb600000)
 ParOldGen       total 148992K, used 134907K [0x00000000c0000000, 0x00000000c9180000, 0x00000000eab00000)
  object space 148992K, 90% used [0x00000000c0000000,0x00000000c83befb8,0x00000000c9180000)
 Metaspace       used 55746K, committed 56576K, reserved 1105920K
  class space    used 5957K, committed 6272K, reserved 1048576K
}
Event: 10.630 GC heap after
{Heap after GC invocations=107 (full 5):
 PSYoungGen      total 11264K, used 1796K [0x00000000eab00000, 0x00000000eb880000, 0x0000000100000000)
  eden space 8704K, 0% used [0x00000000eab00000,0x00000000eab00000,0x00000000eb380000)
  from space 2560K, 70% used [0x00000000eb380000,0x00000000eb5412d8,0x00000000eb600000)
  to   space 2048K, 0% used [0x00000000eb680000,0x00000000eb680000,0x00000000eb880000)
 ParOldGen       total 148992K, used 136568K [0x00000000c0000000, 0x00000000c9180000, 0x00000000eab00000)
  object space 148992K, 91% used [0x00000000c0000000,0x00000000c855e028,0x00000000c9180000)
 Metaspace       used 55746K, committed 56576K, reserved 1105920K
  class space    used 5957K, committed 6272K, reserved 1048576K
}
Event: 10.678 GC heap before
{Heap before GC invocations=108 (full 5):
 PSYoungGen      total 11264K, used 10500K [0x00000000eab00000, 0x00000000eb880000, 0x0000000100000000)
  eden space 8704K, 100% used [0x00000000eab00000,0x00000000eb380000,0x00000000eb380000)
  from space 2560K, 70% used [0x00000000eb380000,0x00000000eb5412d8,0x00000000eb600000)
  to   space 2048K, 0% used [0x00000000eb680000,0x00000000eb680000,0x00000000eb880000)
 ParOldGen       total 148992K, used 136568K [0x00000000c0000000, 0x00000000c9180000, 0x00000000eab00000)
  object space 148992K, 91% used [0x00000000c0000000,0x00000000c855e028,0x00000000c9180000)
 Metaspace       used 55750K, committed 56576K, reserved 1105920K
  class space    used 5957K, committed 6272K, reserved 1048576K
}
Event: 10.706 GC heap after
{Heap after GC invocations=108 (full 5):
 PSYoungGen      total 11776K, used 1888K [0x00000000eab00000, 0x00000000eb900000, 0x0000000100000000)
  eden space 9728K, 0% used [0x00000000eab00000,0x00000000eab00000,0x00000000eb480000)
  from space 2048K, 92% used [0x00000000eb680000,0x00000000eb8581c8,0x00000000eb880000)
  to   space 2048K, 0% used [0x00000000eb480000,0x00000000eb480000,0x00000000eb680000)
 ParOldGen       total 148992K, used 138325K [0x00000000c0000000, 0x00000000c9180000, 0x00000000eab00000)
  object space 148992K, 92% used [0x00000000c0000000,0x00000000c8715550,0x00000000c9180000)
 Metaspace       used 55750K, committed 56576K, reserved 1105920K
  class space    used 5957K, committed 6272K, reserved 1048576K
}
Event: 11.132 GC heap before
{Heap before GC invocations=109 (full 5):
 PSYoungGen      total 11776K, used 11616K [0x00000000eab00000, 0x00000000eb900000, 0x0000000100000000)
  eden space 9728K, 100% used [0x00000000eab00000,0x00000000eb480000,0x00000000eb480000)
  from space 2048K, 92% used [0x00000000eb680000,0x00000000eb8581c8,0x00000000eb880000)
  to   space 2048K, 0% used [0x00000000eb480000,0x00000000eb480000,0x00000000eb680000)
 ParOldGen       total 148992K, used 138325K [0x00000000c0000000, 0x00000000c9180000, 0x00000000eab00000)
  object space 148992K, 92% used [0x00000000c0000000,0x00000000c8715550,0x00000000c9180000)
 Metaspace       used 55798K, committed 56640K, reserved 1105920K
  class space    used 5961K, committed 6336K, reserved 1048576K
}
Event: 11.153 GC heap after
{Heap after GC invocations=109 (full 5):
 PSYoungGen      total 11776K, used 2019K [0x00000000eab00000, 0x00000000ebf00000, 0x0000000100000000)
  eden space 9728K, 0% used [0x00000000eab00000,0x00000000eab00000,0x00000000eb480000)
  from space 2048K, 98% used [0x00000000eb480000,0x00000000eb678c68,0x00000000eb680000)
  to   space 4608K, 0% used [0x00000000eba80000,0x00000000eba80000,0x00000000ebf00000)
 ParOldGen       total 148992K, used 140272K [0x00000000c0000000, 0x00000000c9180000, 0x00000000eab00000)
  object space 148992K, 94% used [0x00000000c0000000,0x00000000c88fc000,0x00000000c9180000)
 Metaspace       used 55798K, committed 56640K, reserved 1105920K
  class space    used 5961K, committed 6336K, reserved 1048576K
}
Event: 11.284 GC heap before
{Heap before GC invocations=110 (full 5):
 PSYoungGen      total 11776K, used 11747K [0x00000000eab00000, 0x00000000ebf00000, 0x0000000100000000)
  eden space 9728K, 100% used [0x00000000eab00000,0x00000000eb480000,0x00000000eb480000)
  from space 2048K, 98% used [0x00000000eb480000,0x00000000eb678c68,0x00000000eb680000)
  to   space 4608K, 0% used [0x00000000eba80000,0x00000000eba80000,0x00000000ebf00000)
 ParOldGen       total 148992K, used 140272K [0x00000000c0000000, 0x00000000c9180000, 0x00000000eab00000)
  object space 148992K, 94% used [0x00000000c0000000,0x00000000c88fc000,0x00000000c9180000)
 Metaspace       used 55798K, committed 56640K, reserved 1105920K
  class space    used 5961K, committed 6336K, reserved 1048576K
}
Event: 11.312 GC heap after
{Heap after GC invocations=110 (full 5):
 PSYoungGen      total 13824K, used 2335K [0x00000000eab00000, 0x00000000ebd00000, 0x0000000100000000)
  eden space 11264K, 0% used [0x00000000eab00000,0x00000000eab00000,0x00000000eb600000)
  from space 2560K, 91% used [0x00000000eba80000,0x00000000ebcc7db0,0x00000000ebd00000)
  to   space 3072K, 0% used [0x00000000eb700000,0x00000000eb700000,0x00000000eba00000)
 ParOldGen       total 148992K, used 142287K [0x00000000c0000000, 0x00000000c9180000, 0x00000000eab00000)
  object space 148992K, 95% used [0x00000000c0000000,0x00000000c8af3d58,0x00000000c9180000)
 Metaspace       used 55798K, committed 56640K, reserved 1105920K
  class space    used 5961K, committed 6336K, reserved 1048576K
}
Event: 11.640 GC heap before
{Heap before GC invocations=111 (full 5):
 PSYoungGen      total 13824K, used 13599K [0x00000000eab00000, 0x00000000ebd00000, 0x0000000100000000)
  eden space 11264K, 100% used [0x00000000eab00000,0x00000000eb600000,0x00000000eb600000)
  from space 2560K, 91% used [0x00000000eba80000,0x00000000ebcc7db0,0x00000000ebd00000)
  to   space 3072K, 0% used [0x00000000eb700000,0x00000000eb700000,0x00000000eba00000)
 ParOldGen       total 148992K, used 142287K [0x00000000c0000000, 0x00000000c9180000, 0x00000000eab00000)
  object space 148992K, 95% used [0x00000000c0000000,0x00000000c8af3d58,0x00000000c9180000)
 Metaspace       used 55808K, committed 56704K, reserved 1105920K
  class space    used 5962K, committed 6336K, reserved 1048576K
}
Event: 11.683 GC heap after
{Heap after GC invocations=111 (full 5):
 PSYoungGen      total 15360K, used 2735K [0x00000000eab00000, 0x00000000ebe00000, 0x0000000100000000)
  eden space 12288K, 0% used [0x00000000eab00000,0x00000000eab00000,0x00000000eb700000)
  from space 3072K, 89% used [0x00000000eb700000,0x00000000eb9abe78,0x00000000eba00000)
  to   space 3072K, 0% used [0x00000000ebb00000,0x00000000ebb00000,0x00000000ebe00000)
 ParOldGen       total 148992K, used 144599K [0x00000000c0000000, 0x00000000c9180000, 0x00000000eab00000)
  object space 148992K, 97% used [0x00000000c0000000,0x00000000c8d35e18,0x00000000c9180000)
 Metaspace       used 55808K, committed 56704K, reserved 1105920K
  class space    used 5962K, committed 6336K, reserved 1048576K
}
Event: 11.880 GC heap before
{Heap before GC invocations=112 (full 5):
 PSYoungGen      total 15360K, used 15023K [0x00000000eab00000, 0x00000000ebe00000, 0x0000000100000000)
  eden space 12288K, 100% used [0x00000000eab00000,0x00000000eb700000,0x00000000eb700000)
  from space 3072K, 89% used [0x00000000eb700000,0x00000000eb9abe78,0x00000000eba00000)
  to   space 3072K, 0% used [0x00000000ebb00000,0x00000000ebb00000,0x00000000ebe00000)
 ParOldGen       total 148992K, used 144599K [0x00000000c0000000, 0x00000000c9180000, 0x00000000eab00000)
  object space 148992K, 97% used [0x00000000c0000000,0x00000000c8d35e18,0x00000000c9180000)
 Metaspace       used 55831K, committed 56704K, reserved 1105920K
  class space    used 5967K, committed 6336K, reserved 1048576K
}
Event: 11.912 GC heap after
{Heap after GC invocations=112 (full 5):
 PSYoungGen      total 15872K, used 3062K [0x00000000eab00000, 0x00000000ec000000, 0x0000000100000000)
  eden space 12800K, 0% used [0x00000000eab00000,0x00000000eab00000,0x00000000eb780000)
  from space 3072K, 99% used [0x00000000ebb00000,0x00000000ebdfd9b0,0x00000000ebe00000)
  to   space 3584K, 0% used [0x00000000eb780000,0x00000000eb780000,0x00000000ebb00000)
 ParOldGen       total 148992K, used 147237K [0x00000000c0000000, 0x00000000c9180000, 0x00000000eab00000)
  object space 148992K, 98% used [0x00000000c0000000,0x00000000c8fc9640,0x00000000c9180000)
 Metaspace       used 55831K, committed 56704K, reserved 1105920K
  class space    used 5967K, committed 6336K, reserved 1048576K
}
Event: 11.912 GC heap before
{Heap before GC invocations=113 (full 6):
 PSYoungGen      total 15872K, used 3062K [0x00000000eab00000, 0x00000000ec000000, 0x0000000100000000)
  eden space 12800K, 0% used [0x00000000eab00000,0x00000000eab00000,0x00000000eb780000)
  from space 3072K, 99% used [0x00000000ebb00000,0x00000000ebdfd9b0,0x00000000ebe00000)
  to   space 3584K, 0% used [0x00000000eb780000,0x00000000eb780000,0x00000000ebb00000)
 ParOldGen       total 148992K, used 147237K [0x00000000c0000000, 0x00000000c9180000, 0x00000000eab00000)
  object space 148992K, 98% used [0x00000000c0000000,0x00000000c8fc9640,0x00000000c9180000)
 Metaspace       used 55831K, committed 56704K, reserved 1105920K
  class space    used 5967K, committed 6336K, reserved 1048576K
}

