# JRE version: OpenJDK Runtime Environment Temurin-17.0.4.1+1 (17.0.4.1+1) (build 17.0.4.1+1)
# Java VM: OpenJDK 64-Bit Server VM Temurin-17.0.4.1+1 (17.0.4.1+1, mixed mode, tiered, compressed oops, compressed class ptrs, parallel gc, linux-amd64)
GC Precious Log:
 CPUs: 1 total, 1 available
 Memory: 985M
 Large Page Support: Disabled
 NUMA Support: Disabled
 Compressed Oops: Enabled (32-bit)
 Alignments: Space 512K, Generation 512K, Heap 2M
 Heap Min Capacity: 100M
 Heap Initial Capacity: 100M
 Heap Max Capacity: 1G
 Pre-touch: Disabled
 Parallel Workers: 1
Heap:
 PSYoungGen      total 22016K, used 1432K [0x00000000eab00000, 0x00000000ec700000, 0x0000000100000000)
  eden space 15360K, 0% used [0x00000000eab00000,0x00000000eab00000,0x00000000eba00000)
  from space 6656K, 21% used [0x00000000ec080000,0x00000000ec1e6230,0x00000000ec700000)
  to   space 6656K, 0% used [0x00000000eba00000,0x00000000eba00000,0x00000000ec080000)
 ParOldGen       total 122880K, used 122447K [0x00000000c0000000, 0x00000000c7800000, 0x00000000eab00000)
  object space 122880K, 99% used [0x00000000c0000000,0x00000000c7793eb0,0x00000000c7800000)
 Metaspace       used 56606K, committed 57472K, reserved 1105920K
  class space    used 6041K, committed 6400K, reserved 1048576K
GC Heap History (20 events):
Event: 10.870 GC heap after
{Heap after GC invocations=47 (full 4):
 PSYoungGen      total 17408K, used 4076K [0x00000000eab00000, 0x00000000ec400000, 0x0000000100000000)
  eden space 13312K, 0% used [0x00000000eab00000,0x00000000eab00000,0x00000000eb800000)
  from space 4096K, 99% used [0x00000000eb880000,0x00000000ebc7b098,0x00000000ebc80000)
  to   space 6144K, 0% used [0x00000000ebe00000,0x00000000ebe00000,0x00000000ec400000)
 ParOldGen       total 122880K, used 96036K [0x00000000c0000000, 0x00000000c7800000, 0x00000000eab00000)
  object space 122880K, 78% used [0x00000000c0000000,0x00000000c5dc9008,0x00000000c7800000)
 Metaspace       used 54910K, committed 55680K, reserved 1105920K
  class space    used 5898K, committed 6208K, reserved 1048576K
}
Event: 10.953 GC heap before
{Heap before GC invocations=48 (full 4):
 PSYoungGen      total 17408K, used 17388K [0x00000000eab00000, 0x00000000ec400000, 0x0000000100000000)
  eden space 13312K, 100% used [0x00000000eab00000,0x00000000eb800000,0x00000000eb800000)
  from space 4096K, 99% used [0x00000000eb880000,0x00000000ebc7b098,0x00000000ebc80000)
  to   space 6144K, 0% used [0x00000000ebe00000,0x00000000ebe00000,0x00000000ec400000)
 ParOldGen       total 122880K, used 96036K [0x00000000c0000000, 0x00000000c7800000, 0x00000000eab00000)
  object space 122880K, 78% used [0x00000000c0000000,0x00000000c5dc9008,0x00000000c7800000)
 Metaspace       used 55502K, committed 56320K, reserved 1105920K
  class space    used 5933K, committed 6272K, reserved 1048576K
}
Event: 10.960 GC heap after
{Heap after GC invocations=48 (full 4):
 PSYoungGen      total 17408K, used 3789K [0x00000000eab00000, 0x00000000ec200000, 0x0000000100000000)
  eden space 13312K, 0% used [0x00000000eab00000,0x00000000eab00000,0x00000000eb800000)
  from space 4096K, 92% used [0x00000000ebe00000,0x00000000ec1b3408,0x00000000ec200000)
  to   space 4608K, 0% used [0x00000000eb900000,0x00000000eb900000,0x00000000ebd80000)
 ParOldGen       total 122880K, used 98798K [0x00000000c0000000, 0x00000000c7800000, 0x00000000eab00000)
  object space 122880K, 80% used [0x00000000c0000000,0x00000000c607ba10,0x00000000c7800000)
 Metaspace       used 55502K, committed 56320K, reserved 1105920K
  class space    used 5933K, committed 6272K, reserved 1048576K
}
Event: 11.076 GC heap before
{Heap before GC invocations=49 (full 4):
 PSYoungGen      total 17408K, used 17101K [0x00000000eab00000, 0x00000000ec200000, 0x0000000100000000)
  eden space 13312K, 100% used [0x00000000eab00000,0x00000000eb800000,0x00000000eb800000)
  from space 4096K, 92% used [0x00000000ebe00000,0x00000000ec1b3408,0x00000000ec200000)
  to   space 4608K, 0% used [0x00000000eb900000,0x00000000eb900000,0x00000000ebd80000)
 ParOldGen       total 122880K, used 98798K [0x00000000c0000000, 0x00000000c7800000, 0x00000000eab00000)
  object space 122880K, 80% used [0x00000000c0000000,0x00000000c607ba10,0x00000000c7800000)
 Metaspace       used 55669K, committed 56512K, reserved 1105920K
  class space    used 5956K, committed 6336K, reserved 1048576K
}
Event: 11.083 GC heap after
{Heap after GC invocations=49 (full 4):
 PSYoungGen      total 17920K, used 4578K [0x00000000eab00000, 0x00000000ec600000, 0x0000000100000000)
  eden space 13312K, 0% used [0x00000000eab00000,0x00000000eab00000,0x00000000eb800000)
  from space 4608K, 99% used [0x00000000eb900000,0x00000000ebd788b8,0x00000000ebd80000)
  to   space 7168K, 0% used [0x00000000ebf00000,0x00000000ebf00000,0x00000000ec600000)
 ParOldGen       total 122880K, used 100765K [0x00000000c0000000, 0x00000000c7800000, 0x00000000eab00000)
  object space 122880K, 82% used [0x00000000c0000000,0x00000000c6267550,0x00000000c7800000)
 Metaspace       used 55669K, committed 56512K, reserved 1105920K
  class space    used 5956K, committed 6336K, reserved 1048576K
}
Event: 11.194 GC heap before
{Heap before GC invocations=50 (full 4):
 PSYoungGen      total 17920K, used 17890K [0x00000000eab00000, 0x00000000ec600000, 0x0000000100000000)
  eden space 13312K, 100% used [0x00000000eab00000,0x00000000eb800000,0x00000000eb800000)
  from space 4608K, 99% used [0x00000000eb900000,0x00000000ebd788b8,0x00000000ebd80000)
  to   space 7168K, 0% used [0x00000000ebf00000,0x00000000ebf00000,0x00000000ec600000)
 ParOldGen       total 122880K, used 100765K [0x00000000c0000000, 0x00000000c7800000, 0x00000000eab00000)
  object space 122880K, 82% used [0x00000000c0000000,0x00000000c6267550,0x00000000c7800000)
 Metaspace       used 55799K, committed 56576K, reserved 1105920K
  class space    used 5966K, committed 6336K, reserved 1048576K
}
Event: 11.201 GC heap after
{Heap after GC invocations=50 (full 4):
 PSYoungGen      total 17920K, used 4514K [0x00000000eab00000, 0x00000000ec380000, 0x0000000100000000)
  eden space 13312K, 0% used [0x00000000eab00000,0x00000000eab00000,0x00000000eb800000)
  from space 4608K, 97% used [0x00000000ebf00000,0x00000000ec368b00,0x00000000ec380000)
  to   space 5632K, 0% used [0x00000000eb880000,0x00000000eb880000,0x00000000ebe00000)
 ParOldGen       total 122880K, used 103443K [0x00000000c0000000, 0x00000000c7800000, 0x00000000eab00000)
  object space 122880K, 84% used [0x00000000c0000000,0x00000000c6504df0,0x00000000c7800000)
 Metaspace       used 55799K, committed 56576K, reserved 1105920K
  class space    used 5966K, committed 6336K, reserved 1048576K
}
Event: 11.319 GC heap before
{Heap before GC invocations=51 (full 4):
 PSYoungGen      total 17920K, used 17826K [0x00000000eab00000, 0x00000000ec380000, 0x0000000100000000)
  eden space 13312K, 100% used [0x00000000eab00000,0x00000000eb800000,0x00000000eb800000)
  from space 4608K, 97% used [0x00000000ebf00000,0x00000000ec368b00,0x00000000ec380000)
  to   space 5632K, 0% used [0x00000000eb880000,0x00000000eb880000,0x00000000ebe00000)
 ParOldGen       total 122880K, used 103443K [0x00000000c0000000, 0x00000000c7800000, 0x00000000eab00000)
  object space 122880K, 84% used [0x00000000c0000000,0x00000000c6504df0,0x00000000c7800000)
 Metaspace       used 56076K, committed 56896K, reserved 1105920K
  class space    used 5999K, committed 6400K, reserved 1048576K
}
Event: 11.326 GC heap after
{Heap after GC invocations=51 (full 4):
 PSYoungGen      total 18944K, used 5602K [0x00000000eab00000, 0x00000000ec800000, 0x0000000100000000)
  eden space 13312K, 0% used [0x00000000eab00000,0x00000000eab00000,0x00000000eb800000)
  from space 5632K, 99% used [0x00000000eb880000,0x00000000ebdf8850,0x00000000ebe00000)
  to   space 8192K, 0% used [0x00000000ec000000,0x00000000ec000000,0x00000000ec800000)
 ParOldGen       total 122880K, used 105139K [0x00000000c0000000, 0x00000000c7800000, 0x00000000eab00000)
  object space 122880K, 85% used [0x00000000c0000000,0x00000000c66acfa0,0x00000000c7800000)
 Metaspace       used 56076K, committed 56896K, reserved 1105920K
  class space    used 5999K, committed 6400K, reserved 1048576K
}
Event: 11.462 GC heap before
{Heap before GC invocations=52 (full 4):
 PSYoungGen      total 18944K, used 18914K [0x00000000eab00000, 0x00000000ec800000, 0x0000000100000000)
  eden space 13312K, 100% used [0x00000000eab00000,0x00000000eb800000,0x00000000eb800000)
  from space 5632K, 99% used [0x00000000eb880000,0x00000000ebdf8850,0x00000000ebe00000)
  to   space 8192K, 0% used [0x00000000ec000000,0x00000000ec000000,0x00000000ec800000)
 ParOldGen       total 122880K, used 105139K [0x00000000c0000000, 0x00000000c7800000, 0x00000000eab00000)
  object space 122880K, 85% used [0x00000000c0000000,0x00000000c66acfa0,0x00000000c7800000)
 Metaspace       used 56156K, committed 57024K, reserved 1105920K
  class space    used 6002K, committed 6400K, reserved 1048576K
}
Event: 11.470 GC heap after
{Heap after GC invocations=52 (full 4):
 PSYoungGen      total 18944K, used 5137K [0x00000000eab00000, 0x00000000ec580000, 0x0000000100000000)
  eden space 13312K, 0% used [0x00000000eab00000,0x00000000eab00000,0x00000000eb800000)
  from space 5632K, 91% used [0x00000000ec000000,0x00000000ec5044a8,0x00000000ec580000)
  to   space 6144K, 0% used [0x00000000eb980000,0x00000000eb980000,0x00000000ebf80000)
 ParOldGen       total 122880K, used 108482K [0x00000000c0000000, 0x00000000c7800000, 0x00000000eab00000)
  object space 122880K, 88% used [0x00000000c0000000,0x00000000c69f0910,0x00000000c7800000)
 Metaspace       used 56156K, committed 57024K, reserved 1105920K
  class space    used 6002K, committed 6400K, reserved 1048576K
}
Event: 11.580 GC heap before
{Heap before GC invocations=53 (full 4):
 PSYoungGen      total 18944K, used 18449K [0x00000000eab00000, 0x00000000ec580000, 0x0000000100000000)
  eden space 13312K, 100% used [0x00000000eab00000,0x00000000eb800000,0x00000000eb800000)
  from space 5632K, 91% used [0x00000000ec000000,0x00000000ec5044a8,0x00000000ec580000)
  to   space 6144K, 0% used [0x00000000eb980000,0x00000000eb980000,0x00000000ebf80000)
 ParOldGen       total 122880K, used 108482K [0x00000000c0000000, 0x00000000c7800000, 0x00000000eab00000)
  object space 122880K, 88% used [0x00000000c0000000,0x00000000c69f0910,0x00000000c7800000)
 Metaspace       used 56209K, committed 57088K, reserved 1105920K
  class space    used 6002K, committed 6400K, reserved 1048576K
}
Event: 11.589 GC heap after
{Heap after GC invocations=53 (full 4):
 PSYoungGen      total 19456K, used 6140K [0x00000000eab00000, 0x00000000ec800000, 0x0000000100000000)
  eden space 13312K, 0% used [0x00000000eab00000,0x00000000eab00000,0x00000000eb800000)
  from space 6144K, 99% used [0x00000000eb980000,0x00000000ebf7f240,0x00000000ebf80000)
  to   space 8192K, 0% used [0x00000000ec000000,0x00000000ec000000,0x00000000ec800000)
 ParOldGen       total 122880K, used 109898K [0x00000000c0000000, 0x00000000c7800000, 0x00000000eab00000)
  object space 122880K, 89% used [0x00000000c0000000,0x00000000c6b528b0,0x00000000c7800000)
 Metaspace       used 56209K, committed 57088K, reserved 1105920K
  class space    used 6002K, committed 6400K, reserved 1048576K
}
Event: 11.680 GC heap before
{Heap before GC invocations=54 (full 4):
 PSYoungGen      total 19456K, used 19452K [0x00000000eab00000, 0x00000000ec800000, 0x0000000100000000)
  eden space 13312K, 100% used [0x00000000eab00000,0x00000000eb800000,0x00000000eb800000)
  from space 6144K, 99% used [0x00000000eb980000,0x00000000ebf7f240,0x00000000ebf80000)
  to   space 8192K, 0% used [0x00000000ec000000,0x00000000ec000000,0x00000000ec800000)
 ParOldGen       total 122880K, used 109898K [0x00000000c0000000, 0x00000000c7800000, 0x00000000eab00000)
  object space 122880K, 89% used [0x00000000c0000000,0x00000000c6b528b0,0x00000000c7800000)
 Metaspace       used 56351K, committed 57216K, reserved 1105920K
  class space    used 6020K, committed 6400K, reserved 1048576K
}
Event: 11.689 GC heap after
{Heap after GC invocations=54 (full 4):
 PSYoungGen      total 18432K, used 4828K [0x00000000eab00000, 0x00000000ec500000, 0x0000000100000000)
  eden space 13312K, 0% used [0x00000000eab00000,0x00000000eab00000,0x00000000eb800000)
  from space 5120K, 94% used [0x00000000ec000000,0x00000000ec4b70c8,0x00000000ec500000)
  to   space 6144K, 0% used [0x00000000eb900000,0x00000000eb900000,0x00000000ebf00000)
 ParOldGen       total 122880K, used 114230K [0x00000000c0000000, 0x00000000c7800000, 0x00000000eab00000)
  object space 122880K, 92% used [0x00000000c0000000,0x00000000c6f8d8f8,0x00000000c7800000)
 Metaspace       used 56351K, committed 57216K, reserved 1105920K
  class space    used 6020K, committed 6400K, reserved 1048576K
}
Event: 11.776 GC heap before
{Heap before GC invocations=55 (full 4):
 PSYoungGen      total 18432K, used 18140K [0x00000000eab00000, 0x00000000ec500000, 0x0000000100000000)
  eden space 13312K, 100% used [0x00000000eab00000,0x00000000eb800000,0x00000000eb800000)
  from space 5120K, 94% used [0x00000000ec000000,0x00000000ec4b70c8,0x00000000ec500000)
  to   space 6144K, 0% used [0x00000000eb900000,0x00000000eb900000,0x00000000ebf00000)
 ParOldGen       total 122880K, used 114230K [0x00000000c0000000, 0x00000000c7800000, 0x00000000eab00000)
  object space 122880K, 92% used [0x00000000c0000000,0x00000000c6f8d8f8,0x00000000c7800000)
 Metaspace       used 56541K, committed 57408K, reserved 1105920K
  class space    used 6038K, committed 6400K, reserved 1048576K
}
Event: 11.796 GC heap after
{Heap after GC invocations=55 (full 4):
 PSYoungGen      total 19456K, used 6136K [0x00000000eab00000, 0x00000000ec900000, 0x0000000100000000)
  eden space 13312K, 0% used [0x00000000eab00000,0x00000000eab00000,0x00000000eb800000)
  from space 6144K, 99% used [0x00000000eb900000,0x00000000ebefe078,0x00000000ebf00000)
  to   space 8704K, 0% used [0x00000000ec080000,0x00000000ec080000,0x00000000ec900000)
 ParOldGen       total 122880K, used 115854K [0x00000000c0000000, 0x00000000c7800000, 0x00000000eab00000)
  object space 122880K, 94% used [0x00000000c0000000,0x00000000c7123bc8,0x00000000c7800000)
 Metaspace       used 56541K, committed 57408K, reserved 1105920K
  class space    used 6038K, committed 6400K, reserved 1048576K
}
Event: 11.865 GC heap before
{Heap before GC invocations=56 (full 4):
 PSYoungGen      total 19456K, used 19448K [0x00000000eab00000, 0x00000000ec900000, 0x0000000100000000)
  eden space 13312K, 100% used [0x00000000eab00000,0x00000000eb800000,0x00000000eb800000)
  from space 6144K, 99% used [0x00000000eb900000,0x00000000ebefe078,0x00000000ebf00000)
  to   space 8704K, 0% used [0x00000000ec080000,0x00000000ec080000,0x00000000ec900000)
 ParOldGen       total 122880K, used 115854K [0x00000000c0000000, 0x00000000c7800000, 0x00000000eab00000)
  object space 122880K, 94% used [0x00000000c0000000,0x00000000c7123bc8,0x00000000c7800000)
 Metaspace       used 56606K, committed 57472K, reserved 1105920K
  class space    used 6041K, committed 6400K, reserved 1048576K
}
Event: 11.894 GC heap after
{Heap after GC invocations=56 (full 4):
 PSYoungGen      total 22016K, used 5606K [0x00000000eab00000, 0x00000000ec700000, 0x0000000100000000)
  eden space 15360K, 0% used [0x00000000eab00000,0x00000000eab00000,0x00000000eba00000)
  from space 6656K, 84% used [0x00000000ec080000,0x00000000ec5f9a48,0x00000000ec700000)
  to   space 6656K, 0% used [0x00000000eba00000,0x00000000eba00000,0x00000000ec080000)
 ParOldGen       total 122880K, used 119640K [0x00000000c0000000, 0x00000000c7800000, 0x00000000eab00000)
  object space 122880K, 97% used [0x00000000c0000000,0x00000000c74d6088,0x00000000c7800000)
 Metaspace       used 56606K, committed 57472K, reserved 1105920K
  class space    used 6041K, committed 6400K, reserved 1048576K
}
Event: 11.904 GC heap before
{Heap before GC invocations=57 (full 5):
 PSYoungGen      total 22016K, used 5606K [0x00000000eab00000, 0x00000000ec700000, 0x0000000100000000)
  eden space 15360K, 0% used [0x00000000eab00000,0x00000000eab00000,0x00000000eba00000)
  from space 6656K, 84% used [0x00000000ec080000,0x00000000ec5f9a48,0x00000000ec700000)
  to   space 6656K, 0% used [0x00000000eba00000,0x00000000eba00000,0x00000000ec080000)
 ParOldGen       total 122880K, used 119640K [0x00000000c0000000, 0x00000000c7800000, 0x00000000eab00000)
  object space 122880K, 97% used [0x00000000c0000000,0x00000000c74d6088,0x00000000c7800000)
 Metaspace       used 56606K, committed 57472K, reserved 1105920K
  class space    used 6041K, committed 6400K, reserved 1048576K
}

